2025-09-16 16:24:54,613 - Cadastro de Forncedores - INFO - Start: Click in BotaoPJ 
2025-09-16 16:24:54,695 - Cadastro de Forncedores - INFO - End: Click in BotaoPJ 
2025-09-16 16:24:54,695 - Cadastro de Forncedores - INFO - End: Else
2025-09-16 16:24:54,696 - Cadastro de Forncedores - INFO - Start: Type Into BotaoNomeRazao field
2025-09-16 16:24:54,725 - Cadastro de Forncedores - INFO - End: Type Into BotaoNomeRazao field
2025-09-16 16:24:54,725 - Cadastro de Forncedores - DEBUG - Empresa Pi
2025-09-16 16:24:54,726 - Cadastro de Forncedores - INFO - Start: Type Into BotaoCpfCnpj field
2025-09-16 16:24:54,764 - Cadastro de Forncedores - INFO - End: Type Into BotaoCpfCnpj field
2025-09-16 16:24:54,777 - Cadastro de Forncedores - INFO - Start: Click in BotaoEnviar element
2025-09-16 16:24:54,852 - Cadastro de Forncedores - INFO - End: Click in BotaoEnviar element
2025-09-16 16:24:54,853 - Cadastro de Forncedores - INFO - End: Entrada dos dados do Fornecedor
2025-09-16 16:24:54,853 - Cadastro de Forncedores - INFO - Start: Entrada dos dados do Fornecedor
2025-09-16 16:24:54,853 - Cadastro de Forncedores - INFO - Start: If Condition
2025-09-16 16:24:54,853 - Cadastro de Forncedores - INFO - Start: Click in BotaoPF element
2025-09-16 16:24:54,918 - Cadastro de Forncedores - INFO - End: Click in BotaoPF element
2025-09-16 16:24:54,918 - Cadastro de Forncedores - INFO - End: If Condition
2025-09-16 16:24:54,918 - Cadastro de Forncedores - INFO - Start: Type Into BotaoNomeRazao field
2025-09-16 16:24:54,942 - Cadastro de Forncedores - INFO - End: Type Into BotaoNomeRazao field
2025-09-16 16:24:54,942 - Cadastro de Forncedores - DEBUG - Bruno Lima
2025-09-16 16:24:54,942 - Cadastro de Forncedores - INFO - Start: Type Into BotaoCpfCnpj field
2025-09-16 16:24:54,975 - Cadastro de Forncedores - INFO - End: Type Into BotaoCpfCnpj field
2025-09-16 16:24:54,976 - Cadastro de Forncedores - INFO - Start: Click in BotaoEnviar element
2025-09-16 16:24:55,042 - Cadastro de Forncedores - INFO - End: Click in BotaoEnviar element
2025-09-16 16:24:55,043 - Cadastro de Forncedores - INFO - End: Entrada dos dados do Fornecedor
2025-09-16 16:24:55,043 - Cadastro de Forncedores - INFO - Start: Entrada dos dados do Fornecedor
2025-09-16 16:24:55,043 - Cadastro de Forncedores - INFO - Start: If Condition
2025-09-16 16:24:55,043 - Cadastro de Forncedores - INFO - Start: Else
2025-09-16 16:24:55,043 - Cadastro de Forncedores - INFO - Start: Click in BotaoPJ 
2025-09-16 16:24:55,117 - Cadastro de Forncedores - INFO - End: Click in BotaoPJ 
2025-09-16 16:24:55,117 - Cadastro de Forncedores - INFO - End: Else
2025-09-16 16:24:55,117 - Cadastro de Forncedores - INFO - Start: Type Into BotaoNomeRazao field
2025-09-16 16:24:55,163 - Cadastro de Forncedores - INFO - End: Type Into BotaoNomeRazao field
2025-09-16 16:24:55,163 - Cadastro de Forncedores - DEBUG - Empresa Rho
2025-09-16 16:24:55,163 - Cadastro de Forncedores - INFO - Start: Type Into BotaoCpfCnpj field
2025-09-16 16:24:55,201 - Cadastro de Forncedores - INFO - End: Type Into BotaoCpfCnpj field
2025-09-16 16:24:55,202 - Cadastro de Forncedores - INFO - Start: Click in BotaoEnviar element
2025-09-16 16:24:55,282 - Cadastro de Forncedores - INFO - End: Click in BotaoEnviar element
2025-09-16 16:24:55,282 - Cadastro de Forncedores - INFO - End: Entrada dos dados do Fornecedor
2025-09-16 16:24:55,282 - Cadastro de Forncedores - INFO - Start: Entrada dos dados do Fornecedor
2025-09-16 16:24:55,282 - Cadastro de Forncedores - INFO - Start: If Condition
2025-09-16 16:24:55,283 - Cadastro de Forncedores - INFO - Start: Click in BotaoPF element
2025-09-16 16:24:55,379 - Cadastro de Forncedores - INFO - End: Click in BotaoPF element
2025-09-16 16:24:55,380 - Cadastro de Forncedores - INFO - End: If Condition
2025-09-16 16:24:55,380 - Cadastro de Forncedores - INFO - Start: Type Into BotaoNomeRazao field
2025-09-16 16:24:55,403 - Cadastro de Forncedores - INFO - End: Type Into BotaoNomeRazao field
2025-09-16 16:24:55,403 - Cadastro de Forncedores - DEBUG - Carolina Azevedo
2025-09-16 16:24:55,403 - Cadastro de Forncedores - INFO - Start: Type Into BotaoCpfCnpj field
2025-09-16 16:24:55,452 - Cadastro de Forncedores - INFO - End: Type Into BotaoCpfCnpj field
2025-09-16 16:24:55,452 - Cadastro de Forncedores - INFO - Start: Click in BotaoEnviar element
2025-09-16 16:24:55,528 - Cadastro de Forncedores - INFO - End: Click in BotaoEnviar element
2025-09-16 16:24:55,528 - Cadastro de Forncedores - INFO - End: Entrada dos dados do Fornecedor
2025-09-16 16:24:55,528 - Cadastro de Forncedores - INFO - Start: Entrada dos dados do Fornecedor
2025-09-16 16:24:55,528 - Cadastro de Forncedores - INFO - Start: If Condition
2025-09-16 16:24:55,528 - Cadastro de Forncedores - INFO - Start: Else
2025-09-16 16:24:55,528 - Cadastro de Forncedores - INFO - Start: Click in BotaoPJ 
2025-09-16 16:24:55,606 - Cadastro de Forncedores - INFO - End: Click in BotaoPJ 
2025-09-16 16:24:55,606 - Cadastro de Forncedores - INFO - End: Else
2025-09-16 16:24:55,606 - Cadastro de Forncedores - INFO - Start: Type Into BotaoNomeRazao field
2025-09-16 16:24:55,664 - Cadastro de Forncedores - INFO - End: Type Into BotaoNomeRazao field
2025-09-16 16:24:55,664 - Cadastro de Forncedores - DEBUG - Empresa Sigma
2025-09-16 16:24:55,664 - Cadastro de Forncedores - INFO - Start: Type Into BotaoCpfCnpj field
2025-09-16 16:24:55,703 - Cadastro de Forncedores - INFO - End: Type Into BotaoCpfCnpj field
2025-09-16 16:24:55,713 - Cadastro de Forncedores - INFO - Start: Click in BotaoEnviar element
2025-09-16 16:24:55,787 - Cadastro de Forncedores - INFO - End: Click in BotaoEnviar element
2025-09-16 16:24:55,787 - Cadastro de Forncedores - INFO - End: Entrada dos dados do Fornecedor
2025-09-16 16:24:55,787 - Cadastro de Forncedores - INFO - Start: Entrada dos dados do Fornecedor
2025-09-16 16:24:55,788 - Cadastro de Forncedores - INFO - Start: If Condition
2025-09-16 16:24:55,788 - Cadastro de Forncedores - INFO - Start: Click in BotaoPF element
2025-09-16 16:24:55,860 - Cadastro de Forncedores - INFO - End: Click in BotaoPF element
2025-09-16 16:24:55,860 - Cadastro de Forncedores - INFO - End: If Condition
2025-09-16 16:24:55,860 - Cadastro de Forncedores - INFO - Start: Type Into BotaoNomeRazao field
2025-09-16 16:24:55,904 - Cadastro de Forncedores - INFO - End: Type Into BotaoNomeRazao field
2025-09-16 16:24:55,904 - Cadastro de Forncedores - DEBUG - Vinicius Correia
2025-09-16 16:24:55,905 - Cadastro de Forncedores - INFO - Start: Type Into BotaoCpfCnpj field
2025-09-16 16:24:55,958 - Cadastro de Forncedores - INFO - End: Type Into BotaoCpfCnpj field
2025-09-16 16:24:55,958 - Cadastro de Forncedores - INFO - Start: Click in BotaoEnviar element
2025-09-16 16:24:56,034 - Cadastro de Forncedores - INFO - End: Click in BotaoEnviar element
2025-09-16 16:24:56,034 - Cadastro de Forncedores - INFO - End: Entrada dos dados do Fornecedor
2025-09-16 16:24:56,034 - Cadastro de Forncedores - INFO - Start: Entrada dos dados do Fornecedor
2025-09-16 16:24:56,035 - Cadastro de Forncedores - INFO - Start: If Condition
2025-09-16 16:24:56,035 - Cadastro de Forncedores - INFO - Start: Else
2025-09-16 16:24:56,035 - Cadastro de Forncedores - INFO - Start: Click in BotaoPJ 
2025-09-16 16:24:56,102 - Cadastro de Forncedores - INFO - End: Click in BotaoPJ 
2025-09-16 16:24:56,103 - Cadastro de Forncedores - INFO - End: Else
2025-09-16 16:24:56,103 - Cadastro de Forncedores - INFO - Start: Type Into BotaoNomeRazao field
2025-09-16 16:24:56,168 - Cadastro de Forncedores - INFO - End: Type Into BotaoNomeRazao field
2025-09-16 16:24:56,168 - Cadastro de Forncedores - DEBUG - Empresa Tau
2025-09-16 16:24:56,168 - Cadastro de Forncedores - INFO - Start: Type Into BotaoCpfCnpj field
2025-09-16 16:24:56,211 - Cadastro de Forncedores - INFO - End: Type Into BotaoCpfCnpj field
2025-09-16 16:24:56,211 - Cadastro de Forncedores - INFO - Start: Click in BotaoEnviar element
2025-09-16 16:24:56,289 - Cadastro de Forncedores - INFO - End: Click in BotaoEnviar element
2025-09-16 16:24:56,289 - Cadastro de Forncedores - INFO - End: Entrada dos dados do Fornecedor
2025-09-16 16:24:56,290 - Cadastro de Forncedores - INFO - Start: Entrada dos dados do Fornecedor
2025-09-16 16:24:56,290 - Cadastro de Forncedores - INFO - Start: If Condition
2025-09-16 16:24:56,290 - Cadastro de Forncedores - INFO - Start: Click in BotaoPF element
2025-09-16 16:24:56,355 - Cadastro de Forncedores - INFO - End: Click in BotaoPF element
2025-09-16 16:24:56,356 - Cadastro de Forncedores - INFO - End: If Condition
2025-09-16 16:24:56,356 - Cadastro de Forncedores - INFO - Start: Type Into BotaoNomeRazao field
2025-09-16 16:24:56,377 - Cadastro de Forncedores - INFO - End: Type Into BotaoNomeRazao field
2025-09-16 16:24:56,378 - Cadastro de Forncedores - DEBUG - Aline Mendes
2025-09-16 16:24:56,378 - Cadastro de Forncedores - INFO - Start: Type Into BotaoCpfCnpj field
2025-09-16 16:24:56,402 - Cadastro de Forncedores - INFO - End: Type Into BotaoCpfCnpj field
2025-09-16 16:24:56,402 - Cadastro de Forncedores - INFO - Start: Click in BotaoEnviar element
2025-09-16 16:24:56,463 - Cadastro de Forncedores - INFO - End: Click in BotaoEnviar element
2025-09-16 16:24:56,463 - Cadastro de Forncedores - INFO - End: Entrada dos dados do Fornecedor
2025-09-16 16:24:56,463 - Cadastro de Forncedores - INFO - Start: Entrada dos dados do Fornecedor
2025-09-16 16:24:56,463 - Cadastro de Forncedores - INFO - Start: If Condition
2025-09-16 16:24:56,463 - Cadastro de Forncedores - INFO - Start: Else
2025-09-16 16:24:56,464 - Cadastro de Forncedores - INFO - Start: Click in BotaoPJ 
2025-09-16 16:24:56,529 - Cadastro de Forncedores - INFO - End: Click in BotaoPJ 
2025-09-16 16:24:56,529 - Cadastro de Forncedores - INFO - End: Else
2025-09-16 16:24:56,529 - Cadastro de Forncedores - INFO - Start: Type Into BotaoNomeRazao field
2025-09-16 16:24:56,565 - Cadastro de Forncedores - INFO - End: Type Into BotaoNomeRazao field
2025-09-16 16:24:56,565 - Cadastro de Forncedores - DEBUG - Empresa Upsilon
2025-09-16 16:24:56,565 - Cadastro de Forncedores - INFO - Start: Type Into BotaoCpfCnpj field
2025-09-16 16:24:56,593 - Cadastro de Forncedores - INFO - End: Type Into BotaoCpfCnpj field
2025-09-16 16:24:56,593 - Cadastro de Forncedores - INFO - Start: Click in BotaoEnviar element
2025-09-16 16:24:56,662 - Cadastro de Forncedores - INFO - End: Click in BotaoEnviar element
2025-09-16 16:24:56,662 - Cadastro de Forncedores - INFO - End: Entrada dos dados do Fornecedor
2025-09-16 16:24:56,662 - Cadastro de Forncedores - INFO - Start: Entrada dos dados do Fornecedor
2025-09-16 16:24:56,662 - Cadastro de Forncedores - INFO - Start: If Condition
2025-09-16 16:24:56,662 - Cadastro de Forncedores - INFO - Start: Click in BotaoPF element
2025-09-16 16:24:56,728 - Cadastro de Forncedores - INFO - End: Click in BotaoPF element
2025-09-16 16:24:56,728 - Cadastro de Forncedores - INFO - End: If Condition
2025-09-16 16:24:56,728 - Cadastro de Forncedores - INFO - Start: Type Into BotaoNomeRazao field
2025-09-16 16:24:56,770 - Cadastro de Forncedores - INFO - End: Type Into BotaoNomeRazao field
2025-09-16 16:24:56,771 - Cadastro de Forncedores - DEBUG - Douglas Ribeiro
2025-09-16 16:24:56,771 - Cadastro de Forncedores - INFO - Start: Type Into BotaoCpfCnpj field
2025-09-16 16:24:56,811 - Cadastro de Forncedores - INFO - End: Type Into BotaoCpfCnpj field
2025-09-16 16:24:56,811 - Cadastro de Forncedores - INFO - Start: Click in BotaoEnviar element
2025-09-16 16:24:56,890 - Cadastro de Forncedores - INFO - End: Click in BotaoEnviar element
2025-09-16 16:24:56,890 - Cadastro de Forncedores - INFO - End: Entrada dos dados do Fornecedor
2025-09-16 16:24:56,891 - Cadastro de Forncedores - INFO - Start: Entrada dos dados do Fornecedor
2025-09-16 16:24:56,891 - Cadastro de Forncedores - INFO - Start: If Condition
2025-09-16 16:24:56,891 - Cadastro de Forncedores - INFO - Start: Else
2025-09-16 16:24:56,891 - Cadastro de Forncedores - INFO - Start: Click in BotaoPJ 
2025-09-16 16:24:56,956 - Cadastro de Forncedores - INFO - End: Click in BotaoPJ 
2025-09-16 16:24:56,957 - Cadastro de Forncedores - INFO - End: Else
2025-09-16 16:24:56,957 - Cadastro de Forncedores - INFO - Start: Type Into BotaoNomeRazao field
2025-09-16 16:24:56,987 - Cadastro de Forncedores - INFO - End: Type Into BotaoNomeRazao field
2025-09-16 16:24:56,987 - Cadastro de Forncedores - DEBUG - Empresa Phi
2025-09-16 16:24:56,987 - Cadastro de Forncedores - INFO - Start: Type Into BotaoCpfCnpj field
2025-09-16 16:24:57,006 - Cadastro de Forncedores - INFO - End: Type Into BotaoCpfCnpj field
2025-09-16 16:24:57,007 - Cadastro de Forncedores - INFO - Start: Click in BotaoEnviar element
2025-09-16 16:24:57,074 - Cadastro de Forncedores - INFO - End: Click in BotaoEnviar element
2025-09-16 16:24:57,074 - Cadastro de Forncedores - INFO - End: Entrada dos dados do Fornecedor
2025-09-16 16:24:57,074 - Cadastro de Forncedores - INFO - Start: Entrada dos dados do Fornecedor
2025-09-16 16:24:57,074 - Cadastro de Forncedores - INFO - Start: If Condition
2025-09-16 16:24:57,074 - Cadastro de Forncedores - INFO - Start: Click in BotaoPF element
2025-09-16 16:24:57,139 - Cadastro de Forncedores - INFO - End: Click in BotaoPF element
2025-09-16 16:24:57,139 - Cadastro de Forncedores - INFO - End: If Condition
2025-09-16 16:24:57,139 - Cadastro de Forncedores - INFO - Start: Type Into BotaoNomeRazao field
2025-09-16 16:24:57,171 - Cadastro de Forncedores - INFO - End: Type Into BotaoNomeRazao field
2025-09-16 16:24:57,172 - Cadastro de Forncedores - DEBUG - Eliane Nogueira
2025-09-16 16:24:57,172 - Cadastro de Forncedores - INFO - Start: Type Into BotaoCpfCnpj field
2025-09-16 16:24:57,192 - Cadastro de Forncedores - INFO - End: Type Into BotaoCpfCnpj field
2025-09-16 16:24:57,193 - Cadastro de Forncedores - INFO - Start: Click in BotaoEnviar element
2025-09-16 16:24:57,263 - Cadastro de Forncedores - INFO - End: Click in BotaoEnviar element
2025-09-16 16:24:57,264 - Cadastro de Forncedores - INFO - End: Entrada dos dados do Fornecedor
2025-09-16 16:24:57,264 - Cadastro de Forncedores - INFO - Start: Entrada dos dados do Fornecedor
2025-09-16 16:24:57,264 - Cadastro de Forncedores - INFO - Start: If Condition
2025-09-16 16:24:57,264 - Cadastro de Forncedores - INFO - Start: Else
2025-09-16 16:24:57,264 - Cadastro de Forncedores - INFO - Start: Click in BotaoPJ 
2025-09-16 16:24:57,328 - Cadastro de Forncedores - INFO - End: Click in BotaoPJ 
2025-09-16 16:24:57,329 - Cadastro de Forncedores - INFO - End: Else
2025-09-16 16:24:57,329 - Cadastro de Forncedores - INFO - Start: Type Into BotaoNomeRazao field
2025-09-16 16:24:57,368 - Cadastro de Forncedores - INFO - End: Type Into BotaoNomeRazao field
2025-09-16 16:24:57,369 - Cadastro de Forncedores - DEBUG - Empresa Chi
2025-09-16 16:24:57,369 - Cadastro de Forncedores - INFO - Start: Type Into BotaoCpfCnpj field
2025-09-16 16:24:57,396 - Cadastro de Forncedores - INFO - End: Type Into BotaoCpfCnpj field
2025-09-16 16:24:57,396 - Cadastro de Forncedores - INFO - Start: Click in BotaoEnviar element
2025-09-16 16:24:57,461 - Cadastro de Forncedores - INFO - End: Click in BotaoEnviar element
2025-09-16 16:24:57,461 - Cadastro de Forncedores - INFO - End: Entrada dos dados do Fornecedor
2025-09-16 16:24:57,461 - Cadastro de Forncedores - INFO - Start: Entrada dos dados do Fornecedor
2025-09-16 16:24:57,461 - Cadastro de Forncedores - INFO - Start: If Condition
2025-09-16 16:24:57,461 - Cadastro de Forncedores - INFO - Start: Click in BotaoPF element
2025-09-16 16:24:57,526 - Cadastro de Forncedores - INFO - End: Click in BotaoPF element
2025-09-16 16:24:57,527 - Cadastro de Forncedores - INFO - End: If Condition
2025-09-16 16:24:57,527 - Cadastro de Forncedores - INFO - Start: Type Into BotaoNomeRazao field
2025-09-16 16:24:57,545 - Cadastro de Forncedores - INFO - End: Type Into BotaoNomeRazao field
2025-09-16 16:24:57,545 - Cadastro de Forncedores - DEBUG - Fábio Teixeira
2025-09-16 16:24:57,545 - Cadastro de Forncedores - INFO - Start: Type Into BotaoCpfCnpj field
2025-09-16 16:24:57,566 - Cadastro de Forncedores - INFO - End: Type Into BotaoCpfCnpj field
2025-09-16 16:24:57,566 - Cadastro de Forncedores - INFO - Start: Click in BotaoEnviar element
2025-09-16 16:24:57,633 - Cadastro de Forncedores - INFO - End: Click in BotaoEnviar element
2025-09-16 16:24:57,634 - Cadastro de Forncedores - INFO - End: Entrada dos dados do Fornecedor
2025-09-16 16:24:57,634 - Cadastro de Forncedores - INFO - Start: Entrada dos dados do Fornecedor
2025-09-16 16:24:57,634 - Cadastro de Forncedores - INFO - Start: If Condition
2025-09-16 16:24:57,634 - Cadastro de Forncedores - INFO - Start: Else
2025-09-16 16:24:57,634 - Cadastro de Forncedores - INFO - Start: Click in BotaoPJ 
2025-09-16 16:24:57,702 - Cadastro de Forncedores - INFO - End: Click in BotaoPJ 
2025-09-16 16:24:57,702 - Cadastro de Forncedores - INFO - End: Else
2025-09-16 16:24:57,702 - Cadastro de Forncedores - INFO - Start: Type Into BotaoNomeRazao field
2025-09-16 16:24:57,738 - Cadastro de Forncedores - INFO - End: Type Into BotaoNomeRazao field
2025-09-16 16:24:57,739 - Cadastro de Forncedores - DEBUG - Empresa Psi
2025-09-16 16:24:57,739 - Cadastro de Forncedores - INFO - Start: Type Into BotaoCpfCnpj field
2025-09-16 16:24:57,765 - Cadastro de Forncedores - INFO - End: Type Into BotaoCpfCnpj field
2025-09-16 16:24:57,765 - Cadastro de Forncedores - INFO - Start: Click in BotaoEnviar element
2025-09-16 16:24:57,834 - Cadastro de Forncedores - INFO - End: Click in BotaoEnviar element
2025-09-16 16:24:57,834 - Cadastro de Forncedores - INFO - End: Entrada dos dados do Fornecedor
2025-09-16 16:24:57,834 - Cadastro de Forncedores - INFO - Start: Entrada dos dados do Fornecedor
2025-09-16 16:24:57,834 - Cadastro de Forncedores - INFO - Start: If Condition
2025-09-16 16:24:57,834 - Cadastro de Forncedores - INFO - Start: Click in BotaoPF element
2025-09-16 16:24:57,904 - Cadastro de Forncedores - INFO - End: Click in BotaoPF element
2025-09-16 16:24:57,904 - Cadastro de Forncedores - INFO - End: If Condition
2025-09-16 16:24:57,904 - Cadastro de Forncedores - INFO - Start: Type Into BotaoNomeRazao field
2025-09-16 16:24:57,949 - Cadastro de Forncedores - INFO - End: Type Into BotaoNomeRazao field
2025-09-16 16:24:57,949 - Cadastro de Forncedores - DEBUG - Gustavo Cardoso
2025-09-16 16:24:57,949 - Cadastro de Forncedores - INFO - Start: Type Into BotaoCpfCnpj field
2025-09-16 16:24:57,989 - Cadastro de Forncedores - INFO - End: Type Into BotaoCpfCnpj field
2025-09-16 16:24:57,990 - Cadastro de Forncedores - INFO - Start: Click in BotaoEnviar element
2025-09-16 16:24:58,058 - Cadastro de Forncedores - INFO - End: Click in BotaoEnviar element
2025-09-16 16:24:58,059 - Cadastro de Forncedores - INFO - End: Entrada dos dados do Fornecedor
2025-09-16 16:24:58,059 - Cadastro de Forncedores - INFO - Start: Entrada dos dados do Fornecedor
2025-09-16 16:24:58,059 - Cadastro de Forncedores - INFO - Start: If Condition
2025-09-16 16:24:58,059 - Cadastro de Forncedores - INFO - Start: Else
2025-09-16 16:24:58,059 - Cadastro de Forncedores - INFO - Start: Click in BotaoPJ 
2025-09-16 16:24:58,132 - Cadastro de Forncedores - INFO - End: Click in BotaoPJ 
2025-09-16 16:24:58,133 - Cadastro de Forncedores - INFO - End: Else
2025-09-16 16:24:58,133 - Cadastro de Forncedores - INFO - Start: Type Into BotaoNomeRazao field
2025-09-16 16:24:58,156 - Cadastro de Forncedores - INFO - End: Type Into BotaoNomeRazao field
2025-09-16 16:24:58,156 - Cadastro de Forncedores - DEBUG - Empresa Omega
2025-09-16 16:24:58,157 - Cadastro de Forncedores - INFO - Start: Type Into BotaoCpfCnpj field
2025-09-16 16:24:58,176 - Cadastro de Forncedores - INFO - End: Type Into BotaoCpfCnpj field
2025-09-16 16:24:58,176 - Cadastro de Forncedores - INFO - Start: Click in BotaoEnviar element
2025-09-16 16:24:58,239 - Cadastro de Forncedores - INFO - End: Click in BotaoEnviar element
2025-09-16 16:24:58,239 - Cadastro de Forncedores - INFO - End: Entrada dos dados do Fornecedor
2025-09-16 16:24:58,240 - Cadastro de Forncedores - INFO - Start: Entrada dos dados do Fornecedor
2025-09-16 16:24:58,240 - Cadastro de Forncedores - INFO - Start: If Condition
2025-09-16 16:24:58,240 - Cadastro de Forncedores - INFO - Start: Click in BotaoPF element
2025-09-16 16:24:58,308 - Cadastro de Forncedores - INFO - End: Click in BotaoPF element
2025-09-16 16:24:58,308 - Cadastro de Forncedores - INFO - End: If Condition
2025-09-16 16:24:58,309 - Cadastro de Forncedores - INFO - Start: Type Into BotaoNomeRazao field
2025-09-16 16:24:58,339 - Cadastro de Forncedores - INFO - End: Type Into BotaoNomeRazao field
2025-09-16 16:24:58,339 - Cadastro de Forncedores - DEBUG - Helena Duarte
2025-09-16 16:24:58,339 - Cadastro de Forncedores - INFO - Start: Type Into BotaoCpfCnpj field
2025-09-16 16:24:58,363 - Cadastro de Forncedores - INFO - End: Type Into BotaoCpfCnpj field
2025-09-16 16:24:58,363 - Cadastro de Forncedores - INFO - Start: Click in BotaoEnviar element
2025-09-16 16:24:58,430 - Cadastro de Forncedores - INFO - End: Click in BotaoEnviar element
2025-09-16 16:24:58,430 - Cadastro de Forncedores - INFO - End: Entrada dos dados do Fornecedor
2025-09-16 16:24:58,430 - Cadastro de Forncedores - INFO - Start: Entrada dos dados do Fornecedor
2025-09-16 16:24:58,431 - Cadastro de Forncedores - INFO - Start: If Condition
2025-09-16 16:24:58,431 - Cadastro de Forncedores - INFO - Start: Else
2025-09-16 16:24:58,431 - Cadastro de Forncedores - INFO - Start: Click in BotaoPJ 
2025-09-16 16:24:58,499 - Cadastro de Forncedores - INFO - End: Click in BotaoPJ 
2025-09-16 16:24:58,500 - Cadastro de Forncedores - INFO - End: Else
2025-09-16 16:24:58,500 - Cadastro de Forncedores - INFO - Start: Type Into BotaoNomeRazao field
2025-09-16 16:24:58,543 - Cadastro de Forncedores - INFO - End: Type Into BotaoNomeRazao field
2025-09-16 16:24:58,543 - Cadastro de Forncedores - DEBUG - Empresa Alpha Beta
2025-09-16 16:24:58,543 - Cadastro de Forncedores - INFO - Start: Type Into BotaoCpfCnpj field
2025-09-16 16:24:58,573 - Cadastro de Forncedores - INFO - End: Type Into BotaoCpfCnpj field
2025-09-16 16:24:58,573 - Cadastro de Forncedores - INFO - Start: Click in BotaoEnviar element
2025-09-16 16:24:58,640 - Cadastro de Forncedores - INFO - End: Click in BotaoEnviar element
2025-09-16 16:24:58,640 - Cadastro de Forncedores - INFO - End: Entrada dos dados do Fornecedor
2025-09-16 16:24:58,640 - Cadastro de Forncedores - INFO - End: ForEach
2025-09-16 16:24:58,641 - Cadastro de Forncedores - INFO - Start: Wait
2025-09-16 16:25:01,641 - Cadastro de Forncedores - INFO - End: Wait
